<?xml version="1.0" encoding="UTF-8"?>
<!-- Generated by org.testng.reporters.JUnitXMLReporter -->
<testsuite ignored="0" hostname="DESKTOP-KP30BUB" failures="0" tests="4" name="Default test" time="18.168" errors="0" timestamp="2021-07-03T14:50:21 IDT">
  <testcase classname="ui.LoginTest1" name="CALogin" time="2.047"/>
  <testcase classname="ui.LoginTest1" name="TitleCheck" time="1.792"/>
  <testcase classname="ui.LoginTest1" name="Logout" time="7.374"/>
  <testcase classname="ui.LoginTest1" name="TitleLogoutCheck" time="1.02"/>
</testsuite> <!-- Default test -->
