<?xml version="1.0" encoding="UTF-8"?>
<testng-results ignored="0" total="4" passed="4" failed="0" skipped="0">
  <reporter-output>
  </reporter-output>
  <suite started-at="2021-07-03T14:50:03 IDT" name="Default suite" finished-at="2021-07-03T14:50:21 IDT" duration-ms="18168">
    <groups>
    </groups>
    <test started-at="2021-07-03T14:50:03 IDT" name="Default test" finished-at="2021-07-03T14:50:21 IDT" duration-ms="18168">
      <class name="ui.LoginTest1">
        <test-method is-config="true" signature="Startup()[pri:0, instance:ui.LoginTest1@3232a28a]" started-at="2021-07-03T14:50:03 IDT" name="Startup" finished-at="2021-07-03T14:50:09 IDT" duration-ms="5779" status="PASS">
          <reporter-output>
          </reporter-output>
        </test-method> <!-- Startup -->
        <test-method signature="CALogin()[pri:1, instance:ui.LoginTest1@3232a28a]" started-at="2021-07-03T14:50:09 IDT" name="CALogin" finished-at="2021-07-03T14:50:11 IDT" duration-ms="2047" status="PASS">
          <reporter-output>
          </reporter-output>
        </test-method> <!-- CALogin -->
        <test-method signature="TitleCheck()[pri:2, instance:ui.LoginTest1@3232a28a]" started-at="2021-07-03T14:50:11 IDT" name="TitleCheck" finished-at="2021-07-03T14:50:13 IDT" duration-ms="1792" status="PASS">
          <reporter-output>
          </reporter-output>
        </test-method> <!-- TitleCheck -->
        <test-method signature="Logout()[pri:3, instance:ui.LoginTest1@3232a28a]" started-at="2021-07-03T14:50:13 IDT" name="Logout" finished-at="2021-07-03T14:50:20 IDT" duration-ms="7374" status="PASS">
          <reporter-output>
          </reporter-output>
        </test-method> <!-- Logout -->
        <test-method signature="TitleLogoutCheck()[pri:4, instance:ui.LoginTest1@3232a28a]" started-at="2021-07-03T14:50:20 IDT" name="TitleLogoutCheck" finished-at="2021-07-03T14:50:21 IDT" duration-ms="1020" status="PASS">
          <reporter-output>
          </reporter-output>
        </test-method> <!-- TitleLogoutCheck -->
        <test-method is-config="true" signature="Exit()[pri:0, instance:ui.LoginTest1@3232a28a]" started-at="2021-07-03T14:50:21 IDT" name="Exit" finished-at="2021-07-03T14:50:21 IDT" duration-ms="133" status="PASS">
          <reporter-output>
          </reporter-output>
        </test-method> <!-- Exit -->
      </class> <!-- ui.LoginTest1 -->
    </test> <!-- Default test -->
  </suite> <!-- Default suite -->
</testng-results>
